#
# There is insufficient memory for the Java Runtime Environment to continue.
# Native memory allocation (mmap) failed to map 125829120 bytes for G1 virtual space
# Possible reasons:
#   The system is out of physical RAM or swap space
#   The process is running with CompressedOops enabled, and the Java Heap may be blocking the growth of the native heap
# Possible solutions:
#   Reduce memory load on the system
#   Increase physical memory or swap space
#   Check if swap backing store is full
#   Decrease Java heap size (-Xmx/-Xms)
#   Decrease number of Java threads
#   Decrease Java thread stack sizes (-Xss)
#   Set larger code cache with -XX:ReservedCodeCacheSize=
#   JVM is running with Unscaled Compressed Oops mode in which the Java heap is
#     placed in the first 4GB address space. The Java Heap base address is the
#     maximum limit for the native heap growth. Please use -XX:HeapBaseMinAddress
#     to set the Java Heap base and to place the Java Heap above 4GB virtual address.
# This output file may be truncated or incomplete.
#
#  Out of Memory Error (./open/src/hotspot/os/windows/os_windows.cpp:3472), pid=14640, tid=21860
#
# JRE version:  (15.0.1+9) (build )
# Java VM: Java HotSpot(TM) 64-Bit Server VM (15.0.1+9-18, mixed mode, sharing, tiered, compressed oops, g1 gc, windows-amd64)
# No core dump will be written. Minidumps are not enabled by default on client versions of Windows
#

---------------  S U M M A R Y ------------

Command Line: -Dorg.gradle.appname=gradlew org.gradle.wrapper.GradleWrapperMain -q -Ptarget-platform=android-arm64 -Ptarget=C:\Users\User\OneDrive\Documents\flutter_playground\expenser\lib\main.dart -Pbase-application-name=android.app.Application -Pdart-defines=Zmx1dHRlci5pbnNwZWN0b3Iuc3RydWN0dXJlZEVycm9ycz10cnVl,RkxVVFRFUl9XRUJfQVVUT19ERVRFQ1Q9dHJ1ZQ== -Pdart-obfuscation=false -Ptrack-widget-creation=true -Ptree-shake-icons=false -Pfilesystem-scheme=org-dartlang-root assembleDebug

Host: AMD Ryzen 7 3750H with Radeon Vega Mobile Gfx  , 8 cores, 7G,  Windows 10 , 64 bit Build 19041 (10.0.19041.1466)
Time: Tue Feb  8 00:49:47 2022 India Standard Time elapsed time: 0.244881 seconds (0d 0h 0m 0s)

---------------  T H R E A D  ---------------

Current thread (0x0000026d226c8fb0):  JavaThread "Unknown thread" [_thread_in_vm, id=21860, stack(0x000000dbe5a00000,0x000000dbe5b00000)]

Stack: [0x000000dbe5a00000,0x000000dbe5b00000]
Native frames: (J=compiled Java code, j=interpreted, Vv=VM code, C=native code)
V  [jvm.dll+0x62ae9a]
V  [jvm.dll+0x781389]
V  [jvm.dll+0x782ae3]
V  [jvm.dll+0x783143]
V  [jvm.dll+0x216265]
V  [jvm.dll+0x6281d9]
V  [jvm.dll+0x61cd15]
V  [jvm.dll+0x2d01fd]
V  [jvm.dll+0x2d0062]
V  [jvm.dll+0x2d603c]
V  [jvm.dll+0x325b2a]
V  [jvm.dll+0x3251f4]
V  [jvm.dll+0x2a717a]
V  [jvm.dll+0x2a8318]
V  [jvm.dll+0x75e101]
V  [jvm.dll+0x3343e4]
V  [jvm.dll+0x73e826]
V  [jvm.dll+0x3b7777]
V  [jvm.dll+0x3b9201]
C  [jli.dll+0x52fb]
C  [ucrtbase.dll+0x21bb2]
C  [KERNEL32.DLL+0x17034]
C  [ntdll.dll+0x52651]


---------------  P R O C E S S  ---------------

Threads class SMR info:
_java_thread_list=0x00007ffc088f4ff0, length=0, elements={
}

Java Threads: ( => current thread )

Other Threads:
  0x0000026d22705d30 GCTaskThread "GC Thread#0" [stack: 0x000000dbe5b00000,0x000000dbe5c00000] [id=4696]
  0x0000026d22716370 ConcurrentGCThread "G1 Main Marker" [stack: 0x000000dbe5c00000,0x000000dbe5d00000] [id=27116]
  0x0000026d22716e70 ConcurrentGCThread "G1 Conc#0" [stack: 0x000000dbe5d00000,0x000000dbe5e00000] [id=11720]

[error occurred during error reporting (printing all threads), id 0xc0000005, EXCEPTION_ACCESS_VIOLATION (0xc0000005) at pc=0x00007ffc080e8047]

VM state: not at safepoint (not fully initialized)

VM Mutex/Monitor currently owned by a thread:  ([mutex/lock_event])
[0x0000026d226c33f0] Heap_lock - owner thread: 0x0000026d226c8fb0

Heap address: 0x0000000088e00000, size: 1906 MB, Compressed Oops mode: 32-bit
CDS archive(s) mapped at: [0x0000000000000000-0x0000000000000000-0x0000000000000000), size 0, SharedBaseAddress: 0x0000000800000000, ArchiveRelocationMode: 0.
Narrow klass base: 0x0000000000000000, Narrow klass shift: 0, Narrow klass range: 0x0

Heap:
 garbage-first heap   total 122880K, used 0K [0x0000000088e00000, 0x0000000100000000)
  region size 1024K, 0 young (0K), 0 survivors (0K)
 Metaspace       used 0K, capacity 0K, committed 0K, reserved 0K
  class space    used 0K, capacity 0K, committed 0K, reserved 0K

Heap Regions: E=young(eden), S=young(survivor), O=old, HS=humongous(starts), HC=humongous(continues), CS=collection set, F=free, OA=open archive, CA=closed archive, TAMS=top-at-mark-start (previous, next)

Card table byte_map: [0x0000026d39ff0000,0x0000026d3a3b0000] _byte_map_base: 0x0000026d39ba9000

Marking Bits (Prev, Next): (CMBitMap*) 0x0000026d22706430, (CMBitMap*) 0x0000026d22706470
 Prev Bits: [0x0000026d3a770000, 0x0000026d3c538000)
 Next Bits: [0x0000026d3c540000, 0x0000026d3e308000)

GC Heap History (0 events):
No events

Deoptimization events (0 events):
No events

Classes unloaded (0 events):
No events

Classes redefined (0 events):
No events

Internal exceptions (0 events):
No events

Events (1 events):
Event: 0.140 Loaded shared library C:\Program Files\Java\jdk-15.0.1\bin\java.dll


Dynamic libraries:
0x00007ff6e33c0000 - 0x00007ff6e33cf000 	C:\Program Files\Java\jdk-15.0.1\bin\java.exe
0x00007ffc6e250000 - 0x00007ffc6e445000 	C:\WINDOWS\SYSTEM32\ntdll.dll
0x00007ffc6dd40000 - 0x00007ffc6ddfe000 	C:\WINDOWS\System32\KERNEL32.DLL
0x00007ffc6bfc0000 - 0x00007ffc6c288000 	C:\WINDOWS\System32\KERNELBASE.dll
0x00007ffc6bd80000 - 0x00007ffc6be80000 	C:\WINDOWS\System32\ucrtbase.dll
0x00007ffc5fad0000 - 0x00007ffc5fae9000 	C:\Program Files\Java\jdk-15.0.1\bin\VCRUNTIME140.dll
0x00007ffc56c90000 - 0x00007ffc56ca8000 	C:\Program Files\Java\jdk-15.0.1\bin\jli.dll
0x00007ffc6c810000 - 0x00007ffc6c8be000 	C:\WINDOWS\System32\ADVAPI32.dll
0x00007ffc6c290000 - 0x00007ffc6c32e000 	C:\WINDOWS\System32\msvcrt.dll
0x00007ffc6dbf0000 - 0x00007ffc6dc8c000 	C:\WINDOWS\System32\sechost.dll
0x00007ffc6d080000 - 0x00007ffc6d1a5000 	C:\WINDOWS\System32\RPCRT4.dll
0x00007ffc6d920000 - 0x00007ffc6dac1000 	C:\WINDOWS\System32\USER32.dll
0x00007ffc6ba40000 - 0x00007ffc6ba62000 	C:\WINDOWS\System32\win32u.dll
0x00007ffc6dbc0000 - 0x00007ffc6dbeb000 	C:\WINDOWS\System32\GDI32.dll
0x00007ffc6bb10000 - 0x00007ffc6bc1d000 	C:\WINDOWS\System32\gdi32full.dll
0x00007ffc6ba70000 - 0x00007ffc6bb0d000 	C:\WINDOWS\System32\msvcp_win.dll
0x00007ffc5bb50000 - 0x00007ffc5bdea000 	C:\WINDOWS\WinSxS\amd64_microsoft.windows.common-controls_6595b64144ccf1df_6.0.19041.1110_none_60b5254171f9507e\COMCTL32.dll
0x00007ffc65490000 - 0x00007ffc6549a000 	C:\WINDOWS\SYSTEM32\VERSION.dll
0x00007ffc6dfc0000 - 0x00007ffc6dff0000 	C:\WINDOWS\System32\IMM32.DLL
0x00007ffc66e60000 - 0x00007ffc66e6c000 	C:\Program Files\Java\jdk-15.0.1\bin\vcruntime140_1.dll
0x00007ffc3f630000 - 0x00007ffc3f6c1000 	C:\Program Files\Java\jdk-15.0.1\bin\msvcp140.dll
0x00007ffc07e30000 - 0x00007ffc0898e000 	C:\Program Files\Java\jdk-15.0.1\bin\server\jvm.dll
0x00007ffc6d910000 - 0x00007ffc6d918000 	C:\WINDOWS\System32\PSAPI.DLL
0x00007ffc61c10000 - 0x00007ffc61c37000 	C:\WINDOWS\SYSTEM32\WINMM.dll
0x00007ffc2d8e0000 - 0x00007ffc2d8e9000 	C:\WINDOWS\SYSTEM32\WSOCK32.dll
0x00007ffc6d010000 - 0x00007ffc6d07b000 	C:\WINDOWS\System32\WS2_32.dll
0x00007ffc69850000 - 0x00007ffc69862000 	C:\WINDOWS\SYSTEM32\kernel.appcore.dll
0x00007ffc66af0000 - 0x00007ffc66afa000 	C:\Program Files\Java\jdk-15.0.1\bin\jimage.dll
0x00007ffc61c40000 - 0x00007ffc61e24000 	C:\WINDOWS\SYSTEM32\DBGHELP.DLL
0x00007ffc61be0000 - 0x00007ffc61c0c000 	C:\WINDOWS\SYSTEM32\dbgcore.DLL
0x00007ffc6bf30000 - 0x00007ffc6bfb2000 	C:\WINDOWS\System32\bcryptPrimitives.dll
0x00007ffc535c0000 - 0x00007ffc535e5000 	C:\Program Files\Java\jdk-15.0.1\bin\java.dll

dbghelp: loaded successfully - version: 4.0.5 - missing functions: none
symbol engine: initialized successfully - sym options: 0x614 - pdb path: .;C:\Program Files\Java\jdk-15.0.1\bin;C:\WINDOWS\SYSTEM32;C:\WINDOWS\WinSxS\amd64_microsoft.windows.common-controls_6595b64144ccf1df_6.0.19041.1110_none_60b5254171f9507e;C:\Program Files\Java\jdk-15.0.1\bin\server

VM Arguments:
jvm_args: -Dorg.gradle.appname=gradlew 
java_command: org.gradle.wrapper.GradleWrapperMain -q -Ptarget-platform=android-arm64 -Ptarget=C:\Users\User\OneDrive\Documents\flutter_playground\expenser\lib\main.dart -Pbase-application-name=android.app.Application -Pdart-defines=Zmx1dHRlci5pbnNwZWN0b3Iuc3RydWN0dXJlZEVycm9ycz10cnVl,RkxVVFRFUl9XRUJfQVVUT19ERVRFQ1Q9dHJ1ZQ== -Pdart-obfuscation=false -Ptrack-widget-creation=true -Ptree-shake-icons=false -Pfilesystem-scheme=org-dartlang-root assembleDebug
java_class_path (initial): C:\Users\User\OneDrive\Documents\flutter_playground\expenser\android\\gradle\wrapper\gradle-wrapper.jar
Launcher Type: SUN_STANDARD

[Global flags]
     intx CICompilerCount                          = 4                                         {product} {ergonomic}
     uint ConcGCThreads                            = 2                                         {product} {ergonomic}
     uint G1ConcRefinementThreads                  = 8                                         {product} {ergonomic}
   size_t G1HeapRegionSize                         = 1048576                                   {product} {ergonomic}
    uintx GCDrainStackTargetSize                   = 64                                        {product} {ergonomic}
   size_t InitialHeapSize                          = 125829120                                 {product} {ergonomic}
   size_t MarkStackSize                            = 4194304                                   {product} {ergonomic}
   size_t MaxHeapSize                              = 1998585856                                {product} {ergonomic}
   size_t MinHeapDeltaBytes                        = 1048576                                   {product} {ergonomic}
   size_t MinHeapSize                              = 8388608                                   {product} {ergonomic}
    uintx NonNMethodCodeHeapSize                   = 5839372                                {pd product} {ergonomic}
    uintx NonProfiledCodeHeapSize                  = 122909434                              {pd product} {ergonomic}
    uintx ProfiledCodeHeapSize                     = 122909434                              {pd product} {ergonomic}
    uintx ReservedCodeCacheSize                    = 251658240                              {pd product} {ergonomic}
     bool SegmentedCodeCache                       = true                                      {product} {ergonomic}
   size_t SoftMaxHeapSize                          = 1998585856                             {manageable} {ergonomic}
     bool UseCompressedClassPointers               = true                                 {lp64_product} {ergonomic}
     bool UseCompressedOops                        = true                                 {lp64_product} {ergonomic}
     bool UseG1GC                                  = true                                      {product} {ergonomic}
     bool UseLargePagesIndividualAllocation        = false                                  {pd product} {ergonomic}

Logging:
Log output configuration:
 #0: stdout all=warning uptime,level,tags
 #1: stderr all=off uptime,level,tags

Environment Variables:
JAVA_HOME=C:\Program Files\Java\jdk-15.0.1
CLASSPATH=C:\Users\User\OneDrive\Documents\flutter_playground\expenser\android\\gradle\wrapper\gradle-wrapper.jar
PATH=C:\Program Files (x86)\Common Files\Intel\Shared Libraries\redist\intel64\compiler;C:\Program Files (x86)\Common Files\Oracle\Java\javapath;C:\Program Files\Common Files\Oracle\Java\javapath;C:\WINDOWS\system32;C:\WINDOWS;C:\WINDOWS\System32\Wbem;C:\WINDOWS\System32\WindowsPowerShell\v1.0\;C:\WINDOWS\System32\OpenSSH\;C:\Program Files\Git\cmd;C:\Users\User\OneDrive\Documents\curl-7.77.0-win64-mingw\bin;C:\Users\User\AppData\Local\Pub\Cache\bin;C:\Users\User\AppData\Local\Programs\Python\Python39\Scripts\;C:\Users\User\AppData\Local\Programs\Python\Python39\;C:\Users\User\AppData\Local\Microsoft\WindowsApps;C:\Users\User\AppData\Local\Programs\Microsoft VS Code\bin;C:\flutter\bin;C:\Users\User\AppData\Local\GitHubDesktop\bin;C:\flutter\bin\mingit\cmd
USERNAME=User
OS=Windows_NT
PROCESSOR_IDENTIFIER=AMD64 Family 23 Model 24 Stepping 1, AuthenticAMD



---------------  S Y S T E M  ---------------

OS:
 Windows 10 , 64 bit Build 19041 (10.0.19041.1466)
OS uptime: 3 days 0:00 hours

CPU: total 8 (initial active 8) (8 cores per cpu, 2 threads per core) family 23 model 24 stepping 1 microcode 0x0, cmov, cx8, fxsr, mmx, sse, sse2, sse3, ssse3, sse4.1, sse4.2, popcnt, vzeroupper, avx, avx2, aes, clmul, 3dnowpref, lzcnt, sse4a, ht, tsc, tscinvbit, tscinv, bmi1, bmi2, adx, sha, fma, clflush, clflushopt

Memory: 4k page, system-wide physical 7617M (221M free)
TotalPageFile size 31169M (AvailPageFile size 42M)
current process WorkingSet (physical memory assigned to process): 9M, peak: 9M
current process commit charge ("private bytes"): 60M, peak: 180M

vm_info: Java HotSpot(TM) 64-Bit Server VM (15.0.1+9-18) for windows-amd64 JRE (15.0.1+9-18), built on Sep 15 2020 14:43:54 by "mach5one" with unknown MS VC++:1925

END.
